12/01/11, 12:05:54, 4, 0, C:\Projects\VB6\Atap\Report\Fattura.rpt:File not found
12/01/11, 12:06:10, 4, 0, C:\Projects\VB6\Atap\Report\Fattura.rpt:File not found
12/01/11, 12:07:25, 4, 0, C:\Projects\VB6\Atap\Report\Fattura.rpt:File not found
12/01/11, 12:07:53, 4, 0, C:\Projects\VB6\Atap\Report\Fattura.rpt:File not found
12/01/11, 12:11:23, 4, 0, C:\Projects\VB6\Atap\Report\AnagraficaDettagliata.rpt:File not found
02/25/15, 00:57:30, 4, 0, C:\Projects\VB6\Atap\Report\AnagraficaDettagliata.rpt:File not found
10/24/15, 18:04:03, 4, 0, C:\Projects\VB6\Atap\Report\GiornalieraNotificheUNEP.rpt:File not found
10/29/15, 17:42:45, 4, 0, C:\Projects\VB6\Atap\Report\EstrattoConto.rpt:Cannot open database.
10/29/15, 17:42:45, 4, 0, C:\Projects\VB6\Atap\Report\EstrattoConto.rpt:File not found
10/29/15, 17:43:06, 4, 0, C:\Projects\VB6\Atap\Report\EstrattoConto.rpt:Cannot open database.
10/29/15, 17:43:06, 4, 0, C:\Projects\VB6\Atap\Report\EstrattoConto.rpt:File not found
10/29/15, 17:43:21, 4, 0, C:\Projects\VB6\Atap\Report\EstrattoConto.rpt:Cannot open database.
10/29/15, 17:43:21, 4, 0, C:\Projects\VB6\Atap\Report\EstrattoConto.rpt:File not found
12/16/15, 15:15:00, 4, 0, :File not found.
12/16/15, 15:15:00, 4, 0, :File not found.
12/16/15, 16:21:10, 4, 0, :File not found.
12/16/15, 16:21:10, 4, 0, :File not found.
01/05/16, 19:24:35, 4, 0, :File not found.
01/05/16, 19:24:35, 4, 0, :File not found.
01/05/16, 19:24:56, 4, 0, :File not found.
01/05/16, 19:24:56, 4, 0, :File not found.
01/13/16, 23:07:56, 4, 0, :File not found.
01/13/16, 23:07:56, 4, 0, :File not found.
01/13/16, 23:10:32, 4, 0, :File not found.
01/13/16, 23:10:32, 4, 0, :File not found.
01/13/16, 23:11:36, 4, 0, :File not found.
01/13/16, 23:11:36, 4, 0, :File not found.
01/14/16, 00:14:33, 4, 0, C:\Projects\VB6\Atap\Report\FatturaUNEP.rpt:This field name is not known.
01/14/16, 00:14:33, 4, 0, C:\Projects\VB6\Atap\Report\FatturaUNEP.rpt:This field name is not known.
01/16/16, 20:00:08, 4, 0, C:\Projects\VB6\Atap\Report\EstrattoContoUNEP.rpt:Error starting print job. Please check your printer or network connection.
01/16/16, 20:00:26, 4, 0, C:\Projects\VB6\Atap\Report\EstrattoContoUNEP.rpt:Error starting print job. Please check your printer or network connection.
03/06/16, 17:21:13, 4, 0, C:\Projects\VB6\Atap\Report\EstrattoConto.rpt:Error starting print job. Please check your printer or network connection.
09/05/16, 15:23:20, 4, 0, C:\Projects\VB6\Atap\Report\EstrattoContoUNEP.rpt:Error starting print job. Please check your printer or network connection.
09/05/16, 15:23:29, 4, 0, C:\Projects\VB6\Atap\Report\AssegniCircolariUNEP.rpt:Error starting print job. Please check your printer or network connection.
09/05/16, 15:29:39, 4, 0, C:\Projects\VB6\Atap\Report\EstrattoContoUNEP.rpt:Error starting print job. Please check your printer or network connection.
09/05/16, 15:29:47, 4, 0, C:\Projects\VB6\Atap\Report\EstrattoContoUNEP.rpt:Error starting print job. Please check your printer or network connection.
09/05/16, 15:29:51, 4, 0, C:\Projects\VB6\Atap\Report\AssegniCircolariUNEP.rpt:Error starting print job. Please check your printer or network connection.
10/03/16, 09:12:24, 4, 0, C:\Projects\VB6\Atap\Report\EstrattoConto.rpt:Error starting print job. Please check your printer or network connection.
